{
  "RSpec": {
    "coverage": {
      "/Users/palyrex/Desktop/projects/week_4/chitter/app/chitter.rb": [
        1,
        1,
        1,
        1,
        1,
        null,
        1,
        1,
        1,
        1,
        1,
        1,
        null,
        null,
        1,
        null,
        1,
        null,
        1,
        1,
        null,
        1,
        1,
        null,
        1,
        1,
        1,
        null,
        null,
        1,
        0,
        null,
        null,
        1,
        0,
        null,
        null,
        null,
        1,
        null
      ],
      "/Users/palyrex/Desktop/projects/week_4/chitter/app/controllers/app.rb": [
        1,
        null,
        1,
        0,
        0,
        null,
        null,
        null
      ],
      "/Users/palyrex/Desktop/projects/week_4/chitter/app/controllers/sessions.rb": [
        1,
        null,
        1,
        0,
        null,
        null,
        1,
        0,
        0,
        0,
        0,
        null,
        0,
        0,
        null,
        null,
        null,
        1,
        0,
        0,
        0,
        null,
        null,
        null
      ],
      "/Users/palyrex/Desktop/projects/week_4/chitter/app/controllers/users.rb": [
        1,
        null,
        1,
        0,
        null,
        null,
        1,
        0,
        null,
        null,
        null,
        null,
        0,
        0,
        0,
        null,
        0,
        0,
        null,
        null,
        null,
        null
      ],
      "/Users/palyrex/Desktop/projects/week_4/chitter/app/controllers/peeps.rb": [
        1,
        null,
        1,
        0,
        0,
        0,
        null,
        0,
        null,
        null,
        0,
        null,
        null,
        null,
        null
      ],
      "/Users/palyrex/Desktop/projects/week_4/chitter/app/helpers/application_helper.rb": [
        1,
        0,
        null,
        null,
        1,
        0,
        0,
        0,
        0,
        null
      ],
      "/Users/palyrex/Desktop/projects/week_4/chitter/app/datamapper_setup.rb": [
        1,
        null,
        1,
        null,
        1,
        1,
        null,
        1
      ],
      "/Users/palyrex/Desktop/projects/week_4/chitter/app/models/user.rb": [
        1,
        null,
        1,
        null,
        1,
        null,
        1,
        1,
        null,
        1,
        null,
        1,
        1,
        1,
        1,
        1,
        null,
        1,
        1,
        1,
        null,
        1,
        15,
        15,
        null,
        null,
        1,
        1,
        1,
        1,
        null,
        null,
        null,
        null,
        null,
        null,
        null
      ],
      "/Users/palyrex/Desktop/projects/week_4/chitter/app/models/peep.rb": [
        1,
        1,
        null,
        1,
        null,
        1,
        1,
        1,
        null,
        1,
        null,
        null
      ]
    },
    "timestamp": 1423438693
  },
  "Cucumber Features": {
    "coverage": {
      "/Users/palyrex/Desktop/projects/week_4/chitter/app/chitter.rb": [
        1,
        1,
        1,
        1,
        1,
        null,
        1,
        1,
        1,
        1,
        1,
        1,
        null,
        null,
        1,
        null,
        1,
        null,
        1,
        1,
        null,
        1,
        1,
        null,
        1,
        1,
        1,
        null,
        null,
        1,
        0,
        null,
        null,
        1,
        0,
        null,
        null,
        null,
        1,
        null
      ],
      "/Users/palyrex/Desktop/projects/week_4/chitter/app/controllers/app.rb": [
        1,
        null,
        1,
        41,
        41,
        null,
        null,
        null
      ],
      "/Users/palyrex/Desktop/projects/week_4/chitter/app/controllers/sessions.rb": [
        1,
        null,
        1,
        1,
        null,
        null,
        1,
        1,
        1,
        1,
        1,
        null,
        0,
        0,
        null,
        null,
        null,
        1,
        5,
        5,
        5,
        null,
        null,
        null
      ],
      "/Users/palyrex/Desktop/projects/week_4/chitter/app/controllers/users.rb": [
        1,
        null,
        1,
        13,
        null,
        null,
        1,
        10,
        null,
        null,
        null,
        null,
        10,
        9,
        9,
        null,
        1,
        1,
        null,
        null,
        null,
        null
      ],
      "/Users/palyrex/Desktop/projects/week_4/chitter/app/controllers/peeps.rb": [
        1,
        null,
        1,
        8,
        1,
        1,
        null,
        7,
        null,
        null,
        7,
        null,
        null,
        null,
        null
      ],
      "/Users/palyrex/Desktop/projects/week_4/chitter/app/helpers/application_helper.rb": [
        1,
        88,
        null,
        null,
        1,
        12,
        0,
        0,
        0,
        null
      ],
      "/Users/palyrex/Desktop/projects/week_4/chitter/app/datamapper_setup.rb": [
        1,
        null,
        1,
        null,
        1,
        1,
        null,
        1
      ],
      "/Users/palyrex/Desktop/projects/week_4/chitter/app/models/user.rb": [
        1,
        null,
        1,
        null,
        1,
        null,
        1,
        1,
        null,
        1,
        null,
        1,
        1,
        1,
        1,
        1,
        null,
        1,
        1,
        1,
        null,
        1,
        10,
        10,
        null,
        null,
        1,
        1,
        1,
        1,
        null,
        null,
        null,
        null,
        null,
        null,
        null
      ],
      "/Users/palyrex/Desktop/projects/week_4/chitter/app/models/peep.rb": [
        1,
        1,
        null,
        1,
        null,
        1,
        1,
        1,
        null,
        1,
        null,
        null
      ]
    },
    "timestamp": 1423438594
  }
}
